<?xml version="1.0" encoding="UTF-8"?>
<!-- Generated by org.testng.reporters.JUnitXMLReporter -->
<testsuite hostname="Tios-MacBook-Air.local" ignored="0" name="IM_AN_Login" tests="1" failures="1" timestamp="2021-07-12T20:15:56 WIB" time="42.318" errors="0">
  <testcase name="Login" time="21.043" classname="com.test.bukalapak.sampleTestLogin">
    <failure type="java.lang.AssertionError" message="Data is Equals expected [test1234] but found [test7@huy.com]">
      <![CDATA[java.lang.AssertionError: Data is Equals expected [test1234] but found [test7@huy.com]
at pageEvents.sampleLogin.login(sampleLogin.java:42)
at com.test.bukalapak.sampleTestLogin.Login(sampleTestLogin.java:13)
at java.util.ArrayList.forEach(ArrayList.java:1257)
at java.util.concurrent.FutureTask.run(FutureTask.java:266)
at java.util.concurrent.ThreadPoolExecutor.runWorker(ThreadPoolExecutor.java:1149)
at java.util.concurrent.ThreadPoolExecutor$Worker.run(ThreadPoolExecutor.java:624)
at java.lang.Thread.run(Thread.java:748)
... Removed 22 stack frames]]>
    </failure>
  </testcase> <!-- Login -->
</testsuite> <!-- IM_AN_Login -->
