<?xml version="1.0" encoding="UTF-8"?>
<testng-results skipped="0" failed="0" ignored="0" total="1" passed="1">
  <reporter-output>
  </reporter-output>
  <suite name="Login Sample Android (Multithread)" duration-ms="67714" started-at="2021-07-14T07:20:42 WIB" finished-at="2021-07-14T07:21:50 WIB">
    <groups>
    </groups>
    <test name="IM_AN_Register" duration-ms="67714" started-at="2021-07-14T07:20:42 WIB" finished-at="2021-07-14T07:21:50 WIB">
      <class name="com.test.bukalapak.sampleTestRegister">
        <test-method status="PASS" signature="initDriver(java.lang.String, java.lang.String, java.lang.String, java.lang.String)[pri:0, instance:com.test.bukalapak.sampleTestRegister@711f39f9]" name="initDriver" is-config="true" duration-ms="11144" started-at="2021-07-14T07:20:42 WIB" finished-at="2021-07-14T07:20:53 WIB">
          <params>
            <param index="0">
              <value>
                <![CDATA[ASUS_X00QD]]>
              </value>
            </param>
            <param index="1">
              <value>
                <![CDATA[9]]>
              </value>
            </param>
            <param index="2">
              <value>
                <![CDATA[8201]]>
              </value>
            </param>
            <param index="3">
              <value>
                <![CDATA[J8AXGF02R8077CG]]>
              </value>
            </param>
          </params>
          <reporter-output>
          </reporter-output>
        </test-method> <!-- initDriver -->
        <test-method status="PASS" signature="Register()[pri:0, instance:com.test.bukalapak.sampleTestRegister@711f39f9]" name="Register" duration-ms="55514" started-at="2021-07-14T07:20:53 WIB" finished-at="2021-07-14T07:21:49 WIB">
          <reporter-output>
          </reporter-output>
        </test-method> <!-- Register -->
        <test-method status="PASS" signature="closeDriver()[pri:0, instance:com.test.bukalapak.sampleTestRegister@711f39f9]" name="closeDriver" is-config="true" duration-ms="1016" started-at="2021-07-14T07:21:49 WIB" finished-at="2021-07-14T07:21:50 WIB">
          <reporter-output>
          </reporter-output>
        </test-method> <!-- closeDriver -->
      </class> <!-- com.test.bukalapak.sampleTestRegister -->
    </test> <!-- IM_AN_Register -->
  </suite> <!-- Login Sample Android (Multithread) -->
</testng-results>
